# JRE version: OpenJDK Runtime Environment (17.0.13+11) (build 17.0.13+11)
# Java VM: OpenJDK 64-Bit Server VM (17.0.13+11, mixed mode, sharing, tiered, compressed oops, compressed class ptrs, g1 gc, linux-amd64)
GC Precious Log:
 CPUs: 12 total, 12 available
 Memory: 31928M
 Large Page Support: Disabled
 NUMA Support: Disabled
 Compressed Oops: Enabled (32-bit)
 Heap Region Size: 1M
 Heap Min Capacity: 8M
 Heap Initial Capacity: 500M
 Heap Max Capacity: 512M
 Pre-touch: Disabled
 Parallel Workers: 10
 Concurrent Workers: 3
 Concurrent Refinement Workers: 10
 Periodic GC: Disabled
Heap:
 garbage-first heap   total 262144K, used 209425K [0x00000000e0000000, 0x0000000100000000)
  region size 1024K, 105 young (107520K), 18 survivors (18432K)
 Metaspace       used 42024K, committed 42496K, reserved 1114112K
  class space    used 5688K, committed 5888K, reserved 1048576K
GC Heap History (20 events):
Event: 14.745 GC heap before
{Heap before GC invocations=11 (full 0):
 garbage-first heap   total 63488K, used 47794K [0x00000000e0000000, 0x0000000100000000)
  region size 1024K, 11 young (11264K), 1 survivors (1024K)
 Metaspace       used 34108K, committed 34496K, reserved 1114112K
  class space    used 4792K, committed 4992K, reserved 1048576K
}
Event: 14.748 GC heap after
{Heap after GC invocations=12 (full 0):
 garbage-first heap   total 287744K, used 42928K [0x00000000e0000000, 0x0000000100000000)
  region size 1024K, 2 young (2048K), 2 survivors (2048K)
 Metaspace       used 34108K, committed 34496K, reserved 1114112K
  class space    used 4792K, committed 4992K, reserved 1048576K
}
Event: 14.799 GC heap before
{Heap before GC invocations=13 (full 0):
 garbage-first heap   total 219136K, used 171952K [0x00000000e0000000, 0x0000000100000000)
  region size 1024K, 130 young (133120K), 2 survivors (2048K)
 Metaspace       used 34285K, committed 34688K, reserved 1114112K
  class space    used 4805K, committed 4992K, reserved 1048576K
}
Event: 14.803 GC heap after
{Heap after GC invocations=14 (full 0):
 garbage-first heap   total 219136K, used 45819K [0x00000000e0000000, 0x0000000100000000)
  region size 1024K, 6 young (6144K), 6 survivors (6144K)
 Metaspace       used 34285K, committed 34688K, reserved 1114112K
  class space    used 4805K, committed 4992K, reserved 1048576K
}
Event: 14.820 GC heap before
{Heap before GC invocations=14 (full 0):
 garbage-first heap   total 219136K, used 168699K [0x00000000e0000000, 0x0000000100000000)
  region size 1024K, 127 young (130048K), 6 survivors (6144K)
 Metaspace       used 34307K, committed 34688K, reserved 1114112K
  class space    used 4805K, committed 4992K, reserved 1048576K
}
Event: 14.824 GC heap after
{Heap after GC invocations=15 (full 0):
 garbage-first heap   total 219136K, used 49955K [0x00000000e0000000, 0x0000000100000000)
  region size 1024K, 10 young (10240K), 10 survivors (10240K)
 Metaspace       used 34307K, committed 34688K, reserved 1114112K
  class space    used 4805K, committed 4992K, reserved 1048576K
}
Event: 14.856 GC heap before
{Heap before GC invocations=15 (full 0):
 garbage-first heap   total 219136K, used 169763K [0x00000000e0000000, 0x0000000100000000)
  region size 1024K, 129 young (132096K), 10 survivors (10240K)
 Metaspace       used 34376K, committed 34752K, reserved 1114112K
  class space    used 4813K, committed 4992K, reserved 1048576K
}
Event: 14.861 GC heap after
{Heap after GC invocations=16 (full 0):
 garbage-first heap   total 219136K, used 53292K [0x00000000e0000000, 0x0000000100000000)
  region size 1024K, 12 young (12288K), 12 survivors (12288K)
 Metaspace       used 34376K, committed 34752K, reserved 1114112K
  class space    used 4813K, committed 4992K, reserved 1048576K
}
Event: 14.972 GC heap before
{Heap before GC invocations=16 (full 0):
 garbage-first heap   total 219136K, used 171052K [0x00000000e0000000, 0x0000000100000000)
  region size 1024K, 128 young (131072K), 12 survivors (12288K)
 Metaspace       used 35069K, committed 35456K, reserved 1114112K
  class space    used 4872K, committed 5056K, reserved 1048576K
}
Event: 14.975 GC heap after
{Heap after GC invocations=17 (full 0):
 garbage-first heap   total 219136K, used 56176K [0x00000000e0000000, 0x0000000100000000)
  region size 1024K, 14 young (14336K), 14 survivors (14336K)
 Metaspace       used 35069K, committed 35456K, reserved 1114112K
  class space    used 4872K, committed 5056K, reserved 1048576K
}
Event: 15.039 GC heap before
{Heap before GC invocations=17 (full 0):
 garbage-first heap   total 219136K, used 170864K [0x00000000e0000000, 0x0000000100000000)
  region size 1024K, 127 young (130048K), 14 survivors (14336K)
 Metaspace       used 35127K, committed 35520K, reserved 1114112K
  class space    used 4873K, committed 5056K, reserved 1048576K
}
Event: 15.044 GC heap after
{Heap after GC invocations=18 (full 0):
 garbage-first heap   total 219136K, used 70062K [0x00000000e0000000, 0x0000000100000000)
  region size 1024K, 15 young (15360K), 15 survivors (15360K)
 Metaspace       used 35127K, committed 35520K, reserved 1114112K
  class space    used 4873K, committed 5056K, reserved 1048576K
}
Event: 15.064 GC heap before
{Heap before GC invocations=18 (full 0):
 garbage-first heap   total 219136K, used 166318K [0x00000000e0000000, 0x0000000100000000)
  region size 1024K, 110 young (112640K), 15 survivors (15360K)
 Metaspace       used 35129K, committed 35520K, reserved 1114112K
  class space    used 4873K, committed 5056K, reserved 1048576K
}
Event: 15.070 GC heap after
{Heap after GC invocations=19 (full 0):
 garbage-first heap   total 262144K, used 73324K [0x00000000e0000000, 0x0000000100000000)
  region size 1024K, 4 young (4096K), 4 survivors (4096K)
 Metaspace       used 35129K, committed 35520K, reserved 1114112K
  class space    used 4873K, committed 5056K, reserved 1048576K
}
Event: 15.113 GC heap before
{Heap before GC invocations=19 (full 0):
 garbage-first heap   total 262144K, used 203372K [0x00000000e0000000, 0x0000000100000000)
  region size 1024K, 132 young (135168K), 4 survivors (4096K)
 Metaspace       used 35129K, committed 35520K, reserved 1114112K
  class space    used 4873K, committed 5056K, reserved 1048576K
}
Event: 15.115 GC heap after
{Heap after GC invocations=20 (full 0):
 garbage-first heap   total 262144K, used 77323K [0x00000000e0000000, 0x0000000100000000)
  region size 1024K, 8 young (8192K), 8 survivors (8192K)
 Metaspace       used 35129K, committed 35520K, reserved 1114112K
  class space    used 4873K, committed 5056K, reserved 1048576K
}
Event: 15.134 GC heap before
{Heap before GC invocations=20 (full 0):
 garbage-first heap   total 262144K, used 206347K [0x00000000e0000000, 0x0000000100000000)
  region size 1024K, 135 young (138240K), 8 survivors (8192K)
 Metaspace       used 35137K, committed 35520K, reserved 1114112K
  class space    used 4873K, committed 5056K, reserved 1048576K
}
Event: 15.136 GC heap after
{Heap after GC invocations=21 (full 0):
 garbage-first heap   total 262144K, used 81005K [0x00000000e0000000, 0x0000000100000000)
  region size 1024K, 11 young (11264K), 11 survivors (11264K)
 Metaspace       used 35137K, committed 35520K, reserved 1114112K
  class space    used 4873K, committed 5056K, reserved 1048576K
}
Event: 49.653 GC heap before
{Heap before GC invocations=21 (full 0):
 garbage-first heap   total 262144K, used 226413K [0x00000000e0000000, 0x0000000100000000)
  region size 1024K, 138 young (141312K), 11 survivors (11264K)
 Metaspace       used 40705K, committed 41088K, reserved 1114112K
  class space    used 5640K, committed 5824K, reserved 1048576K
}
Event: 49.657 GC heap after
{Heap after GC invocations=22 (full 0):
 garbage-first heap   total 262144K, used 104977K [0x00000000e0000000, 0x0000000100000000)
  region size 1024K, 18 young (18432K), 18 survivors (18432K)
 Metaspace       used 40705K, committed 41088K, reserved 1114112K
  class space    used 5640K, committed 5824K, reserved 1048576K
}

